<?xml version="1.0" encoding="UTF-8" ?>
<testsuite errors="0" failures="0" hostname="Krone" name="WordParserTest" tests="32" time="0.291" timestamp="2012-12-20T03:59:13">
  <properties>
    <property name="default.javac.source" value="1.6" />
    <property name="file.encoding.pkg" value="sun.io" />
    <property name="ant.file.type.SkeletonLisp" value="file" />
    <property name="javac.source" value="1.6" />
    <property name="testng.debug.mode" value="" />
    <property name="java.home" value="/mnt/sda3/Koulu/Java/jdk1.6.0_35/jre" />
    <property name="libs.eclipselinkmodelgen.classpath" value="/mnt/sda3/Koulu/Java/netbeans-7.2/java/modules/ext/eclipselink/org.eclipse.persistence.jpa.modelgen.processor-2.3.2.jar" />
    <property name="do.archive+manifest.available+main.class" value="true" />
    <property name="test.src.dir" value="test" />
    <property name="libs.JAXB-ENDORSED.javadoc" value="" />
    <property name="libs.jaxws21.src" value="" />
    <property name="javadoc.version" value="false" />
    <property name="libs.CopyLibs.classpath" value="/mnt/sda3/Koulu/Java/netbeans-7.2/java/ant/extra/org-netbeans-modules-java-j2seproject-copylibstask.jar" />
    <property name="libs.javac-api.src" value="" />
    <property name="java.endorsed.dirs" value="/mnt/sda3/Koulu/Java/jdk1.6.0_35/jre/lib/endorsed" />
    <property name="libs.MySQLDriver.classpath" value="/mnt/sda3/Koulu/Java/netbeans-7.2/ide/modules/ext/mysql-connector-java-5.1.18-bin.jar" />
    <property name="libs.jaxb.javadoc" value="/mnt/sda3/Koulu/Java/netbeans-7.2/ide/docs/jaxb-api-doc.zip" />
    <property name="libs.junit.maven-pom" value="" />
    <property name="libs.PostgreSQLDriver.src" value="" />
    <property name="src.dir" value="src" />
    <property name="sun.java2d.noddraw" value="true" />
    <property name="debug-args-line" value="-Xdebug" />
    <property name="netbeans.hash.code" value="unique=NB_JAVA08b935a09-25d1-4ecc-ac0d-de0a0fa10f97_a86b56b3-2178-4694-8e08-fd36076cbe98" />
    <property name="build.sysclasspath" value="ignore" />
    <property name="have.sources" value="true" />
    <property name="includes" value="**" />
    <property name="javac.fork" value="false" />
    <property name="source.encoding" value="UTF-8" />
    <property name="libs.jaxws21.classpath" value="/mnt/sda3/Koulu/Java/netbeans-7.2/ide/modules/ext/jaxb/jaxb-impl.jar:/mnt/sda3/Koulu/Java/netbeans-7.2/ide/modules/ext/jaxb/jaxb-xjc.jar:/mnt/sda3/Koulu/Java/netbeans-7.2/java/modules/ext/jaxws22/FastInfoset.jar:/mnt/sda3/Koulu/Java/netbeans-7.2/java/modules/ext/jaxws22/gmbal-api-only.jar:/mnt/sda3/Koulu/Java/netbeans-7.2/java/modules/ext/jaxws22/ha-api.jar:/mnt/sda3/Koulu/Java/netbeans-7.2/java/modules/ext/jaxws22/javax.mail_1.4.jar:/mnt/sda3/Koulu/Java/netbeans-7.2/java/modules/ext/jaxws22/jaxws-rt.jar:/mnt/sda3/Koulu/Java/netbeans-7.2/java/modules/ext/jaxws22/jaxws-tools.jar:/mnt/sda3/Koulu/Java/netbeans-7.2/java/modules/ext/jaxws22/management-api.jar:/mnt/sda3/Koulu/Java/netbeans-7.2/java/modules/ext/jaxws22/mimepull.jar:/mnt/sda3/Koulu/Java/netbeans-7.2/java/modules/ext/jaxws22/policy.jar:/mnt/sda3/Koulu/Java/netbeans-7.2/java/modules/ext/jaxws22/saaj-impl.jar:/mnt/sda3/Koulu/Java/netbeans-7.2/java/modules/ext/jaxws22/stax-ex.jar:/mnt/sda3/Koulu/Java/netbeans-7.2/java/modules/ext/jaxws22/stax2-api.jar:/mnt/sda3/Koulu/Java/netbeans-7.2/java/modules/ext/jaxws22/streambuffer.jar:/mnt/sda3/Koulu/Java/netbeans-7.2/java/modules/ext/jaxws22/woodstox-core-asl.jar:/mnt/sda3/Koulu/Java/netbeans-7.2/java/modules/ext/jaxws22/api/jaxws-api.jar:/mnt/sda3/Koulu/Java/netbeans-7.2/java/modules/ext/jaxws22/api/jsr181-api.jar:/mnt/sda3/Koulu/Java/netbeans-7.2/java/modules/ext/jaxws22/api/javax.annotation.jar:/mnt/sda3/Koulu/Java/netbeans-7.2/java/modules/ext/jaxws22/api/saaj-api.jar:/mnt/sda3/Koulu/Java/netbeans-7.2/ide/modules/ext/jaxb/activation.jar:/mnt/sda3/Koulu/Java/netbeans-7.2/ide/modules/ext/jaxb/api/jaxb-api.jar:/mnt/sda3/Koulu/Java/netbeans-7.2/ide/modules/ext/jaxb/api/jsr173_1.0_api.jar" />
    <property name="sun.os.patch.level" value="unknown" />
    <property name="java.vendor.url" value="http://java.sun.com/" />
    <property name="java.version" value="1.6.0_35" />
    <property name="nb.show.statistics.ui" value="usageStatisticsEnabled" />
    <property name="libs.testng.src" value="" />
    <property name="javac.debug" value="true" />
    <property name="org.openide.major.version" value="IDE/1" />
    <property name="libs.JAXB-ENDORSED.classpath" value="/mnt/sda3/Koulu/Java/netbeans-7.2/ide/modules/ext/jaxb/api/jaxb-api.jar" />
    <property name="run.classpath" value=":build/classes" />
    <property name="libs.PostgreSQLDriver.maven-pom" value="" />
    <property name="java.vendor.url.bug" value="http://java.sun.com/cgi-bin/bugreport.cgi" />
    <property name="netbeans.autoupdate.variant" value="" />
    <property name="libs.eclipselink.javadoc" value="" />
    <property name="libs.absolutelayout.javadoc" value="" />
    <property name="libs.junit_4.maven-pom" value="" />
    <property name="netbeans.buildnumber" value="201207171143" />
    <property name="ant.project.invoked-targets" value="test" />
    <property name="jna.platform.library.path" value="/usr/lib:/lib" />
    <property name="annotation.processing.run.all.processors" value="true" />
    <property name="manifest.file" value="manifest.mf" />
    <property name="user.name" value="root" />
    <property name="manifest.available+main.class+mkdist.available" value="true" />
    <property name="libs.testng.maven-pom" value="" />
    <property name="libs.eclipselinkmodelgen.src" value="" />
    <property name="empty.dir" value="/root/NetBeansProjects/SkeletonLisp/build/empty" />
    <property name="sun.io.unicode.encoding" value="UnicodeLittle" />
    <property name="sun.jnu.encoding" value="ISO-8859-1" />
    <property name="java.runtime.name" value="Java(TM) SE Runtime Environment" />
    <property name="jdk.home" value="/mnt/sda3/Koulu/Java/jdk1.6.0_35" />
    <property name="netbeans.autoupdate.version" value="1.23" />
    <property name="netbeans.dirs" value="/mnt/sda3/Koulu/Java/netbeans-7.2/nb:/mnt/sda3/Koulu/Java/netbeans-7.2/ergonomics:/mnt/sda3/Koulu/Java/netbeans-7.2/ide:/mnt/sda3/Koulu/Java/netbeans-7.2/java:/mnt/sda3/Koulu/Java/netbeans-7.2/apisupport:/mnt/sda3/Koulu/Java/netbeans-7.2/webcommon:/mnt/sda3/Koulu/Java/netbeans-7.2/websvccommon:/mnt/sda3/Koulu/Java/netbeans-7.2/enterprise:/mnt/sda3/Koulu/Java/netbeans-7.2/mobility:/mnt/sda3/Koulu/Java/netbeans-7.2/profiler:/mnt/sda3/Koulu/Java/netbeans-7.2/python:/mnt/sda3/Koulu/Java/netbeans-7.2/php:/mnt/sda3/Koulu/Java/netbeans-7.2/identity:/mnt/sda3/Koulu/Java/netbeans-7.2/harness:/mnt/sda3/Koulu/Java/netbeans-7.2/cnd:/mnt/sda3/Koulu/Java/netbeans-7.2/dlight:/mnt/sda3/Koulu/Java/netbeans-7.2/groovy:/mnt/sda3/Koulu/Java/netbeans-7.2/extra:/mnt/sda3/Koulu/Java/netbeans-7.2/javacard:/mnt/sda3/Koulu/Java/netbeans-7.2/javafx:/mnt/sda3/Koulu/Java/netbeans-7.2/tmc_netbeans:" />
    <property name="main.class.available" value="true" />
    <property name="java.specification.name" value="Java Platform API Specification" />
    <property name="javadoc.author" value="false" />
    <property name="libs.hibernate-support.javadoc" value="" />
    <property name="ap.proc.none.internal" value="" />
    <property name="user.timezone" value="" />
    <property name="manifest.available" value="true" />
    <property name="libs.spring-framework.maven-pom" value="" />
    <property name="libs.swing-layout.maven-pom" value="" />
    <property name="libs.junit.javadoc" value="/mnt/sda3/Koulu/Java/netbeans-7.2/java/docs/junit-3.8.2-api.zip" />
    <property name="org.openide.specification.version" value="6.2" />
    <property name="path.separator" value=":" />
    <property name="testng.mode" value="testng" />
    <property name="version-output" value="java version &quot;1.6" />
    <property name="libs.ejb3-persistence.src" value="" />
    <property name="libs.absolutelayout.classpath" value="/mnt/sda3/Koulu/Java/netbeans-7.2/java/modules/ext/AbsoluteLayout.jar" />
    <property name="libs.jaxb.maven-pom" value="" />
    <property name="netbeans.accept_license_class" value="org.netbeans.license.AcceptLicense" />
    <property name="file.encoding" value="ISO-8859-1" />
    <property name="libs.eclipselink.src" value="" />
    <property name="dist.javadoc.dir" value="dist/javadoc" />
    <property name="ant.project.default-target" value="default" />
    <property name="libs.JAXB-ENDORSED.src" value="" />
    <property name="libs.hibernate-persistence.javadoc" value="" />
    <property name="libs.ejb3-persistence.classpath" value="/mnt/sda3/Koulu/Java/netbeans-7.2/java/modules/ext/hibernate/ejb3-persistence.jar" />
    <property name="sun.java.command" value="org.apache.tools.ant.taskdefs.optional.junit.JUnitTestRunner WordParserTest filtertrace=true haltOnError=false haltOnFailure=false showoutput=true outputtoformatters=true logfailedtests=true logtestlistenerevents=true formatter=org.apache.tools.ant.taskdefs.optional.junit.BriefJUnitResultFormatter formatter=org.apache.tools.ant.taskdefs.optional.junit.XMLJUnitResultFormatter,/root/NetBeansProjects/SkeletonLisp/build/test/results/TEST-WordParserTest.xml crashfile=/root/NetBeansProjects/SkeletonLisp/build/junitvmwatcher5229483307782893809.properties propsfile=/root/NetBeansProjects/SkeletonLisp/build/junit6598693890899163610.properties" />
    <property name="built-jar.properties" value="/root/NetBeansProjects/SkeletonLisp/build/built-jar.properties" />
    <property name="libs.junit.src" value="" />
    <property name="ant.junit.enabletestlistenerevents" value="true" />
    <property name="ant.file" value="/root/NetBeansProjects/SkeletonLisp/build.xml" />
    <property name="libs.junit_4.src" value="/mnt/sda3/Koulu/Java/netbeans-7.2/java/docs/junit-4.10-sources.jar" />
    <property name="junit.available" value="true" />
    <property name="ant.file.type.SkeletonLisp-impl" value="file" />
    <property name="netbeans.autoupdate.language" value="en" />
    <property name="java.io.tmpdir" value="/tmp" />
    <property name="build.test.results.dir" value="build/test/results" />
    <property name="user.language" value="en" />
    <property name="libs.jpa20-persistence.classpath" value="/mnt/sda3/Koulu/Java/netbeans-7.2/java/modules/ext/eclipselink/javax.persistence-2.0.3.jar" />
    <property name="libs.spring-framework300.src" value="" />
    <property name="line.separator" value="&#xa;" />
    <property name="apple.laf.useScreenMenuBar" value="true" />
    <property name="libs.absolutelayout.src" value="" />
    <property name="javac.compilerargs" value="" />
    <property name="libs.hibernate-support.maven-pom" value="" />
    <property name="jar.compress" value="false" />
    <property name="debug-transport-by-os" value="dt_socket" />
    <property name="libs.JWSAntTasks.src" value="" />
    <property name="libs.hibernate-persistence.maven-pom" value="" />
    <property name="java.vm.info" value="mixed mode, sharing" />
    <property name="libs.javac-api.maven-pom" value="" />
    <property name="javadoc.private" value="false" />
    <property name="annotation.processing.processors.list" value="" />
    <property name="java.vm.specification.name" value="Java Virtual Machine Specification" />
    <property name="build.test.classes.dir" value="build/test/classes" />
    <property name="libs.jaxb.src" value="" />
    <property name="libs.MySQLDriver.javadoc" value="" />
    <property name="netbeans.dynamic.classpath" value="/mnt/sda3/Koulu/Java/netbeans-7.2/platform/core/org-openide-filesystems.jar:/mnt/sda3/Koulu/Java/netbeans-7.2/platform/core/core.jar:/mnt/sda3/Koulu/Java/netbeans-7.2/platform/core/locale/org-openide-filesystems_ru.jar:/mnt/sda3/Koulu/Java/netbeans-7.2/platform/core/locale/org-openide-filesystems_zh_CN.jar:/mnt/sda3/Koulu/Java/netbeans-7.2/platform/core/locale/org-openide-filesystems_ja.jar:/mnt/sda3/Koulu/Java/netbeans-7.2/platform/core/locale/core_ja.jar:/mnt/sda3/Koulu/Java/netbeans-7.2/platform/core/locale/core_zh_CN.jar:/mnt/sda3/Koulu/Java/netbeans-7.2/platform/core/locale/core_ru.jar:/mnt/sda3/Koulu/Java/netbeans-7.2/platform/core/locale/org-openide-filesystems_pt_BR.jar:/mnt/sda3/Koulu/Java/netbeans-7.2/platform/core/locale/core_pt_BR.jar:/mnt/sda3/Koulu/Java/netbeans-7.2/nb/core/org-netbeans-upgrader.jar:/mnt/sda3/Koulu/Java/netbeans-7.2/nb/core/locale/org-netbeans-upgrader_pt_BR.jar:/mnt/sda3/Koulu/Java/netbeans-7.2/nb/core/locale/core_nb_ja.jar:/mnt/sda3/Koulu/Java/netbeans-7.2/nb/core/locale/org-netbeans-upgrader_ja.jar:/mnt/sda3/Koulu/Java/netbeans-7.2/nb/core/locale/core_nb_pt_BR.jar:/mnt/sda3/Koulu/Java/netbeans-7.2/nb/core/locale/core_nb_ru.jar:/mnt/sda3/Koulu/Java/netbeans-7.2/nb/core/locale/core_nb_zh_CN.jar:/mnt/sda3/Koulu/Java/netbeans-7.2/nb/core/locale/core_nb.jar:/mnt/sda3/Koulu/Java/netbeans-7.2/nb/core/locale/org-netbeans-upgrader_ru.jar:/mnt/sda3/Koulu/Java/netbeans-7.2/nb/core/locale/org-netbeans-upgrader_zh_CN.jar" />
    <property name="manifest.available+main.class" value="true" />
    <property name="ant.file.SkeletonLisp" value="/root/NetBeansProjects/SkeletonLisp/build.xml" />
    <property name="libs.beans-binding.javadoc" value="/mnt/sda3/Koulu/Java/netbeans-7.2/java/docs/beansbinding-1.2.1-doc.zip" />
    <property name="platform.active" value="default_platform" />
    <property name="ap.cmd.line.internal" value="" />
    <property name="jdkBug6558476" value="false" />
    <property name="libs.spring-framework300.classpath" value="/mnt/sda3/Koulu/Java/netbeans-7.2/ide/modules/org-apache-commons-logging.jar:/mnt/sda3/Koulu/Java/netbeans-7.2/java/modules/ext/cglib-2.2.jar:/mnt/sda3/Koulu/Java/netbeans-7.2/java/modules/ext/spring-3.0/spring-aop-3.1.1.RELEASE.jar:/mnt/sda3/Koulu/Java/netbeans-7.2/java/modules/ext/spring-3.0/spring-asm-3.1.1.RELEASE.jar:/mnt/sda3/Koulu/Java/netbeans-7.2/java/modules/ext/spring-3.0/spring-aspects-3.1.1.RELEASE.jar:/mnt/sda3/Koulu/Java/netbeans-7.2/java/modules/ext/spring-3.0/spring-beans-3.1.1.RELEASE.jar:/mnt/sda3/Koulu/Java/netbeans-7.2/java/modules/ext/spring-3.0/spring-context-3.1.1.RELEASE.jar:/mnt/sda3/Koulu/Java/netbeans-7.2/java/modules/ext/spring-3.0/spring-context-support-3.1.1.RELEASE.jar:/mnt/sda3/Koulu/Java/netbeans-7.2/java/modules/ext/spring-3.0/spring-core-3.1.1.RELEASE.jar:/mnt/sda3/Koulu/Java/netbeans-7.2/java/modules/ext/spring-3.0/spring-expression-3.1.1.RELEASE.jar:/mnt/sda3/Koulu/Java/netbeans-7.2/java/modules/ext/spring-3.0/spring-instrument-3.1.1.RELEASE.jar:/mnt/sda3/Koulu/Java/netbeans-7.2/java/modules/ext/spring-3.0/spring-instrument-tomcat-3.1.1.RELEASE.jar:/mnt/sda3/Koulu/Java/netbeans-7.2/java/modules/ext/spring-3.0/spring-jdbc-3.1.1.RELEASE.jar:/mnt/sda3/Koulu/Java/netbeans-7.2/java/modules/ext/spring-3.0/spring-jms-3.1.1.RELEASE.jar:/mnt/sda3/Koulu/Java/netbeans-7.2/java/modules/ext/spring-3.0/spring-orm-3.1.1.RELEASE.jar:/mnt/sda3/Koulu/Java/netbeans-7.2/java/modules/ext/spring-3.0/spring-oxm-3.1.1.RELEASE.jar:/mnt/sda3/Koulu/Java/netbeans-7.2/java/modules/ext/spring-3.0/spring-test-3.1.1.RELEASE.jar:/mnt/sda3/Koulu/Java/netbeans-7.2/java/modules/ext/spring-3.0/spring-tx-3.1.1.RELEASE.jar:/mnt/sda3/Koulu/Java/netbeans-7.2/java/modules/ext/spring-3.0/spring-web-3.1.1.RELEASE.jar:/mnt/sda3/Koulu/Java/netbeans-7.2/java/modules/ext/spring-3.0/spring-webmvc-portlet-3.1.1.RELEASE.jar:/mnt/sda3/Koulu/Java/netbeans-7.2/java/modules/ext/spring-3.0/spring-webmvc-3.1.1.RELEASE.jar:/mnt/sda3/Koulu/Java/netbeans-7.2/java/modules/ext/spring-3.0/spring-struts-3.1.1.RELEASE.jar" />
    <property name="libs.junit_4.javadoc" value="/mnt/sda3/Koulu/Java/netbeans-7.2/java/docs/junit-4.10-javadoc.jar" />
    <property name="libs.spring-framework.src" value="" />
    <property name="netbeans.autoupdate.country" value="US" />
    <property name="libs.beans-binding.maven-pom" value="" />
    <property name="do.mkdist" value="true" />
    <property name="javadoc.encoding" value="UTF-8" />
    <property name="java.awt.printerjob" value="sun.print.PSPrinterJob" />
    <property name="ap.processors.internal" value="" />
    <property name="do.archive" value="true" />
    <property name="dist.jar" value="dist/SkeletonLisp.jar" />
    <property name="meta.inf.dir" value="src/META-INF" />
    <property name="ant.version" value="Apache Ant(TM) version 1.8.3 compiled on February 26 2012" />
    <property name="netbeans.home" value="/mnt/sda3/Koulu/Java/netbeans-7.2/platform" />
    <property name="javadoc.nonavbar" value="false" />
    <property name="libs.jpa20-persistence.src" value="" />
    <property name="user.properties.file" value="/root/.netbeans/7.2/build.properties" />
    <property name="libs.JWSAntTasks.classpath" value="/mnt/sda3/Koulu/Java/netbeans-7.2/java/ant/extra/org-netbeans-modules-javawebstart-anttasks.jar" />
    <property name="netbeans.importclass" value="org.netbeans.upgrade.AutoUpgrade" />
    <property name="libs.spring-framework.javadoc" value="" />
    <property name="libs.CopyLibs.maven-pom" value="" />
    <property name="annotation.processing.source.output" value="build/generated-sources/ap-source-output" />
    <property name="build.generated.dir" value="build/generated" />
    <property name="netbeans.home+have.tests" value="true" />
    <property name="libs.eclipselink.maven-pom" value="" />
    <property name="apple.awt.graphics.UseQuartz" value="true" />
    <property name="os.name" value="Linux" />
    <property name="java.specification.vendor" value="Sun Microsystems Inc." />
    <property name="nb.wait.for.caches" value="true" />
    <property name="run.test.classpath" value=":build/classes:/mnt/sda3/Koulu/Java/netbeans-7.2/platform/modules/ext/junit-4.10.jar:build/test/classes" />
    <property name="do.archive+main.class.available" value="true" />
    <property name="libs.CopyLibs.src" value="" />
    <property name="java.vm.name" value="Java HotSpot(TM) Client VM" />
    <property name="manifest.available-mkdist.available" value="true" />
    <property name="org.openide.version" value="deprecated" />
    <property name="libs.beans-binding.src" value="" />
    <property name="libs.junit.classpath" value="/mnt/sda3/Koulu/Java/netbeans-7.2/java/modules/ext/junit-3.8.2.jar" />
    <property name="java.library.path" value="/mnt/sda3/Koulu/Java/jdk1.6.0_35/jre/lib/i386/client:/mnt/sda3/Koulu/Java/jdk1.6.0_35/jre/lib/i386:/mnt/sda3/Koulu/Java/jdk1.6.0_35/jre/../lib/i386:/mnt/sda3/Koulu/Java/jdk1.6.0_35/jre/lib/amd64:/mnt/sda3/Koulu/Java/jdk1.6.0_35/jre/lib/i386:/usr/lib/qt/lib:/lib:/usr/lib:/usr/X11R7/lib:/root/my-applications/lib:/usr/local/lib:/opt/lib:/usr/lib/seamonkey:/usr/java/packages/lib/i386:/lib:/usr/lib" />
    <property name="ap.supported.internal" value="true" />
    <property name="libs.PostgreSQLDriver.javadoc" value="" />
    <property name="libs.eclipselinkmodelgen.maven-pom" value="" />
    <property name="ant.java.version" value="1.6" />
    <property name="sun.zip.disableMemoryMapping" value="true" />
    <property name="basedir" value="/root/NetBeansProjects/SkeletonLisp" />
    <property name="javadoc.noindex" value="false" />
    <property name="jna.boot.library.name" value="jnidispatch-340" />
    <property name="java.class.version" value="50.0" />
    <property name="javac.test.classpath" value=":build/classes:/mnt/sda3/Koulu/Java/netbeans-7.2/platform/modules/ext/junit-4.10.jar" />
    <property name="javac.processorpath" value="" />
    <property name="ant.home" value="/mnt/sda3/Koulu/Java/netbeans-7.2/java/ant" />
    <property name="libs.hibernate-persistence.src" value="" />
    <property name="javadoc.splitindex" value="true" />
    <property name="javac.test.processorpath" value=":build/classes:/mnt/sda3/Koulu/Java/netbeans-7.2/platform/modules/ext/junit-4.10.jar" />
    <property name="libs.javac-api.javadoc" value="" />
    <property name="javadoc.preview" value="true" />
    <property name="libs.MySQLDriver.maven-pom" value="" />
    <property name="copylibs.rebase" value="true" />
    <property name="libs.CopyLibs.javadoc" value="" />
    <property name="libs.PostgreSQLDriver.classpath" value="/mnt/sda3/Koulu/Java/netbeans-7.2/ide/modules/ext/postgresql-9.1-901.jdbc4.jar" />
    <property name="junit.forkmode" value="perTest" />
    <property name="libs.junit_4.classpath" value="/mnt/sda3/Koulu/Java/netbeans-7.2/platform/modules/ext/junit-4.10.jar" />
    <property name="libs.jaxws21.maven-pom" value="" />
    <property name="build.dir" value="build" />
    <property name="sun.boot.library.path" value="/mnt/sda3/Koulu/Java/jdk1.6.0_35/jre/lib/i386" />
    <property name="sun.management.compiler" value="HotSpot Client Compiler" />
    <property name="ant.file.SkeletonLisp-impl" value="/root/NetBeansProjects/SkeletonLisp/nbproject/build-impl.xml" />
    <property name="libs.ejb3-persistence.javadoc" value="" />
    <property name="libs.testng.classpath" value="/mnt/sda3/Koulu/Java/netbeans-7.2/platform/modules/ext/testng-6.5.1-dist.jar" />
    <property name="java.awt.graphicsenv" value="sun.awt.X11GraphicsEnvironment" />
    <property name="libs.jpa20-persistence.javadoc" value="" />
    <property name="javadoc.encoding.used" value="UTF-8" />
    <property name="libs.testng.javadoc" value="/mnt/sda3/Koulu/Java/netbeans-7.2/platform/docs/testng-6.5.1-javadoc.zip" />
    <property name="javadoc.windowtitle" value="" />
    <property name="libs.hibernate-support.src" value="" />
    <property name="netbeans.productversion" value="NetBeans IDE 7.2 (Build 201207171143)" />
    <property name="run.jvmargs.ide" value="" />
    <property name="libs.JAXB-ENDORSED.maven-pom" value="" />
    <property name="annotation.processing.enabled" value="true" />
    <property name="run.jvmargs" value="" />
    <property name="nb.junit.single" value="false" />
    <property name="build.generated.sources.dir" value="build/generated-sources" />
    <property name="build.compiler.emacs" value="true" />
    <property name="ant.project.name" value="SkeletonLisp" />
    <property name="libs.spring-framework.classpath" value="/mnt/sda3/Koulu/Java/netbeans-7.2/ide/modules/org-apache-commons-logging.jar:/mnt/sda3/Koulu/Java/netbeans-7.2/java/modules/ext/cglib-2.2.jar:/mnt/sda3/Koulu/Java/netbeans-7.2/java/modules/ext/spring/spring-2.5.6.SEC03.jar" />
    <property name="libs.swing-layout.classpath" value="/mnt/sda3/Koulu/Java/netbeans-7.2/platform/modules/ext/swing-layout-1.0.4.jar" />
    <property name="java.vm.specification.version" value="1.0" />
    <property name="libs.jaxb.classpath" value="/mnt/sda3/Koulu/Java/netbeans-7.2/ide/modules/ext/jaxb/jaxb-impl.jar:/mnt/sda3/Koulu/Java/netbeans-7.2/ide/modules/ext/jaxb/jaxb-xjc.jar:/mnt/sda3/Koulu/Java/netbeans-7.2/ide/modules/ext/jaxb/jaxb1-impl.jar:/mnt/sda3/Koulu/Java/netbeans-7.2/ide/modules/ext/jaxb/activation.jar:/mnt/sda3/Koulu/Java/netbeans-7.2/ide/modules/ext/jaxb/api/jaxb-api.jar:/mnt/sda3/Koulu/Java/netbeans-7.2/ide/modules/ext/jaxb/api/jsr173_1.0_api.jar" />
    <property name="work.dir" value="/root/NetBeansProjects/SkeletonLisp" />
    <property name="manifest.available+main.class-mkdist.available" value="true" />
    <property name="javadoc.use" value="true" />
    <property name="sun.cpu.isalist" value="" />
    <property name="java.ext.dirs" value="/mnt/sda3/Koulu/Java/jdk1.6.0_35/jre/lib/ext:/usr/java/packages/lib/ext" />
    <property name="os.version" value="3.1.10-slacko_4gA" />
    <property name="netbeans.default_userdir_root" value="/root/.netbeans" />
    <property name="excludes" value="" />
    <property name="user.home" value="/root" />
    <property name="org.xml.sax.driver" value="com.sun.org.apache.xerces.internal.jaxp.SAXParserImpl$JAXPSAXParser" />
    <property name="java.vm.vendor" value="Sun Microsystems Inc." />
    <property name="libs.absolutelayout.maven-pom" value="" />
    <property name="user.dir" value="/root/NetBeansProjects/SkeletonLisp" />
    <property name="debug-transport" value="dt_socket" />
    <property name="libs.ejb3-persistence.maven-pom" value="" />
    <property name="application.args" value="" />
    <property name="sun.cpu.endian" value="little" />
    <property name="compile.on.save" value="true" />
    <property name="libs.hibernate-support.classpath" value="/mnt/sda3/Koulu/Java/netbeans-7.2/java/modules/ext/hibernate/antlr-2.7.6.jar:/mnt/sda3/Koulu/Java/netbeans-7.2/java/modules/ext/hibernate/asm.jar:/mnt/sda3/Koulu/Java/netbeans-7.2/java/modules/ext/hibernate/asm-attrs.jar:/mnt/sda3/Koulu/Java/netbeans-7.2/java/modules/ext/hibernate/cglib-2.1.3.jar:/mnt/sda3/Koulu/Java/netbeans-7.2/java/modules/ext/hibernate/commons-collections-2.1.1.jar:/mnt/sda3/Koulu/Java/netbeans-7.2/ide/modules/org-apache-commons-logging.jar:/mnt/sda3/Koulu/Java/netbeans-7.2/java/modules/ext/hibernate/dom4j-1.6.1.jar:/mnt/sda3/Koulu/Java/netbeans-7.2/java/modules/ext/hibernate/ehcache-1.2.3.jar:/mnt/sda3/Koulu/Java/netbeans-7.2/java/modules/ext/hibernate/jdbc2_0-stdext.jar:/mnt/sda3/Koulu/Java/netbeans-7.2/java/modules/ext/hibernate/jta.jar:/mnt/sda3/Koulu/Java/netbeans-7.2/java/modules/ext/hibernate/hibernate3.jar:/mnt/sda3/Koulu/Java/netbeans-7.2/java/modules/ext/hibernate/hibernate-tools.jar:/mnt/sda3/Koulu/Java/netbeans-7.2/java/modules/ext/hibernate/hibernate-annotations.jar:/mnt/sda3/Koulu/Java/netbeans-7.2/java/modules/ext/hibernate/hibernate-commons-annotations.jar:/mnt/sda3/Koulu/Java/netbeans-7.2/java/modules/ext/hibernate/hibernate-entitymanager.jar:/mnt/sda3/Koulu/Java/netbeans-7.2/java/modules/ext/hibernate/javassist.jar" />
    <property name="ignore.failing.tests" value="true" />
    <property name="endorsed.classpath.cmd.line.arg" value="-Xbootclasspath/p:&apos;/root/NetBeansProjects/SkeletonLisp/${endorsed.classpath}&apos;" />
    <property name="libs.eclipselinkmodelgen.javadoc" value="" />
    <property name="jar.index" value="false" />
    <property name="libs.spring-framework300.javadoc" value="" />
    <property name="libs.MySQLDriver.src" value="" />
    <property name="java.vm.version" value="20.10-b01" />
    <property name="libs.hibernate-persistence.classpath" value="/mnt/sda3/Koulu/Java/netbeans-7.2/java/modules/ext/hibernate/antlr-2.7.6.jar:/mnt/sda3/Koulu/Java/netbeans-7.2/java/modules/ext/hibernate/asm.jar:/mnt/sda3/Koulu/Java/netbeans-7.2/java/modules/ext/hibernate/asm-attrs.jar:/mnt/sda3/Koulu/Java/netbeans-7.2/java/modules/ext/hibernate/cglib-2.1.3.jar:/mnt/sda3/Koulu/Java/netbeans-7.2/java/modules/ext/hibernate/commons-collections-2.1.1.jar:/mnt/sda3/Koulu/Java/netbeans-7.2/ide/modules/org-apache-commons-logging.jar:/mnt/sda3/Koulu/Java/netbeans-7.2/java/modules/ext/hibernate/dom4j-1.6.1.jar:/mnt/sda3/Koulu/Java/netbeans-7.2/java/modules/ext/hibernate/ehcache-1.2.3.jar:/mnt/sda3/Koulu/Java/netbeans-7.2/java/modules/ext/hibernate/jdbc2_0-stdext.jar:/mnt/sda3/Koulu/Java/netbeans-7.2/java/modules/ext/hibernate/jta.jar:/mnt/sda3/Koulu/Java/netbeans-7.2/java/modules/ext/hibernate/hibernate3.jar:/mnt/sda3/Koulu/Java/netbeans-7.2/java/modules/ext/hibernate/hibernate-tools.jar:/mnt/sda3/Koulu/Java/netbeans-7.2/java/modules/ext/hibernate/hibernate-annotations.jar:/mnt/sda3/Koulu/Java/netbeans-7.2/java/modules/ext/hibernate/hibernate-commons-annotations.jar:/mnt/sda3/Koulu/Java/netbeans-7.2/java/modules/ext/hibernate/hibernate-entitymanager.jar:/mnt/sda3/Koulu/Java/netbeans-7.2/java/modules/ext/hibernate/javassist.jar:/mnt/sda3/Koulu/Java/netbeans-7.2/java/modules/ext/hibernate/ejb3-persistence.jar" />
    <property name="java.class.path" value="/root/NetBeansProjects/SkeletonLisp/build/classes:/mnt/sda3/Koulu/Java/netbeans-7.2/platform/modules/ext/junit-4.10.jar:/root/NetBeansProjects/SkeletonLisp/build/test/classes:/mnt/sda3/Koulu/Java/netbeans-7.2/java/ant/lib/ant-launcher.jar:/mnt/sda3/Koulu/Java/netbeans-7.2/java/ant/lib/ant.jar:/mnt/sda3/Koulu/Java/netbeans-7.2/java/ant/lib/ant-junit.jar:/mnt/sda3/Koulu/Java/netbeans-7.2/java/ant/lib/ant-junit4.jar" />
    <property name="annotation.processing.processor.options" value="" />
    <property name="os.arch" value="i386" />
    <property name="javac.deprecation" value="false" />
    <property name="libs.jpa20-persistence.maven-pom" value="" />
    <property name="build.classes.excludes" value="**/*.java,**/*.form" />
    <property name="dist.dir" value="dist" />
    <property name="netbeans.user" value="/root/.netbeans/7.2" />
    <property name="debug.classpath" value=":build/classes" />
    <property name="sun.java.launcher" value="SUN_STANDARD" />
    <property name="jar.index.metainf" value="false" />
    <property name="annotation.processing.enabled.in.editor" value="false" />
    <property name="ant.core.lib" value="/mnt/sda3/Koulu/Java/netbeans-7.2/java/ant/lib/ant.jar" />
    <property name="java.vm.specification.vendor" value="Sun Microsystems Inc." />
    <property name="do.depend" value="false" />
    <property name="file.separator" value="/" />
    <property name="java.runtime.version" value="1.6.0_35-b10" />
    <property name="sun.boot.class.path" value="/root/NetBeansProjects/SkeletonLisp/${endorsed.classpath}:/mnt/sda3/Koulu/Java/jdk1.6.0_35/jre/lib/resources.jar:/mnt/sda3/Koulu/Java/jdk1.6.0_35/jre/lib/rt.jar:/mnt/sda3/Koulu/Java/jdk1.6.0_35/jre/lib/sunrsasign.jar:/mnt/sda3/Koulu/Java/jdk1.6.0_35/jre/lib/jsse.jar:/mnt/sda3/Koulu/Java/jdk1.6.0_35/jre/lib/jce.jar:/mnt/sda3/Koulu/Java/jdk1.6.0_35/jre/lib/charsets.jar:/mnt/sda3/Koulu/Java/jdk1.6.0_35/jre/lib/modules/jdk.boot.jar:/mnt/sda3/Koulu/Java/jdk1.6.0_35/jre/classes" />
    <property name="debug.test.classpath" value=":build/classes:/mnt/sda3/Koulu/Java/netbeans-7.2/platform/modules/ext/junit-4.10.jar:build/test/classes" />
    <property name="nb.junit.batch" value="true" />
    <property name="libs.beans-binding.classpath" value="/mnt/sda3/Koulu/Java/netbeans-7.2/java/modules/ext/beansbinding-1.2.1.jar" />
    <property name="main.class" value="skeletonlisp.SkeletonLisp" />
    <property name="have.tests" value="true" />
    <property name="libs.JWSAntTasks.maven-pom" value="" />
    <property name="java.util.logging.config.class" value="org.netbeans.core.startup.TopLogging" />
    <property name="libs.javac-api.classpath" value="/mnt/sda3/Koulu/Java/netbeans-7.2/java/modules/ext/nb-javac-api.jar" />
    <property name="user.country" value="US" />
    <property name="javadoc.notree" value="false" />
    <property name="libs.spring-framework300.maven-pom" value="" />
    <property name="libs.jaxws21.javadoc" value="/mnt/sda3/Koulu/Java/netbeans-7.2/java/docs/jaxws-api-doc.zip" />
    <property name="javadoc.additionalparam" value="" />
    <property name="default.javac.target" value="1.6" />
    <property name="javac.classpath" value="" />
    <property name="build.classes.dir" value="build/classes" />
    <property name="do.archive+manifest.available" value="true" />
    <property name="libs.swing-layout.javadoc" value="/mnt/sda3/Koulu/Java/netbeans-7.2/platform/docs/swing-layout-1.0.4-doc.zip" />
    <property name="libs.swing-layout.src" value="/mnt/sda3/Koulu/Java/netbeans-7.2/platform/docs/swing-layout-1.0.4-src.zip" />
    <property name="java.vendor" value="Sun Microsystems Inc." />
    <property name="javac.target" value="1.6" />
    <property name="libs.eclipselink.classpath" value="/mnt/sda3/Koulu/Java/netbeans-7.2/java/modules/ext/eclipselink/eclipselink-2.3.2.jar:/mnt/sda3/Koulu/Java/netbeans-7.2/java/modules/ext/eclipselink/javax.persistence-2.0.3.jar:/mnt/sda3/Koulu/Java/netbeans-7.2/java/modules/ext/eclipselink/org.eclipse.persistence.jpa.jpql_1.0.1.jar" />
    <property name="org.openide.awt.ActionReference.completion" value="org.netbeans.modules.apisupport.project.layers.PathCompletions" />
    <property name="runtime.encoding" value="UTF-8" />
    <property name="java.specification.version" value="1.6" />
    <property name="libs.JWSAntTasks.javadoc" value="" />
    <property name="sun.arch.data.model" value="32" />
    <property name="mkdist.disabled" value="false" />
  </properties>
  <testcase classname="WordParserTest" name="firstWordPalauttaaTyhjanKunEiSyotetta" time="0.012" />
  <testcase classname="WordParserTest" name="firstWordPalauttaaEkanSananKunSyoteOnYksittainenSana" time="0.0010" />
  <testcase classname="WordParserTest" name="firstWordPalauttaaEkanSananKunSyoteOnYksittainenSanaJonkaSisallaSulkeita" time="0.0" />
  <testcase classname="WordParserTest" name="firstWordPalauttaaEkanSananKunSyoteOnUseampiSanaa" time="0.0010" />
  <testcase classname="WordParserTest" name="firstWordPalauttaaTyhjanListanKunSyoteOnTyhjaLista" time="0.0" />
  <testcase classname="WordParserTest" name="firstWordPalauttaaListanKunSyoteOnYhdenSananLista" time="0.0" />
  <testcase classname="WordParserTest" name="firstWordPalauttaaListanKunSyoteOnUseammanSananLista" time="0.0" />
  <testcase classname="WordParserTest" name="allButFirstWordPalauttaaTyhjanMJononKunEiYhtaanSanaa" time="0.0010" />
  <testcase classname="WordParserTest" name="allButFirstWordPalauttaaTyhjanMJononKunYksiAtominenSana" time="0.0010" />
  <testcase classname="WordParserTest" name="allButFirstWordPalauttaaKyseisenListanKunYksiListainenSana" time="0.0010" />
  <testcase classname="WordParserTest" name="allButFirstPalauttaaKaikkiPaitsiEkanSananKunMonisanainenSana" time="0.0" />
  <testcase classname="WordParserTest" name="kolmannenSananHakuToimii" time="0.0" />
  <testcase classname="WordParserTest" name="neljannenSananHakuToimii" time="0.0010" />
  <testcase classname="WordParserTest" name="secondWordPalauttaaTyhjanMJononKunSanojaEiYhtaan" time="0.0010" />
  <testcase classname="WordParserTest" name="secondWordPalauttaaTyhjanMJononKunSanojaYksi" time="0.0010" />
  <testcase classname="WordParserTest" name="secondWordPalauttaaToisenSananKunSanojaKaksi" time="0.0080" />
  <testcase classname="WordParserTest" name="secondWordPalauttaaToisenSananKunSanojaUseampia" time="0.0010" />
  <testcase classname="WordParserTest" name="thirdWordPalauttaaTyhjanMJononKunSanojaEiYhtaan" time="0.0010" />
  <testcase classname="WordParserTest" name="thirdWordPalauttaaTyhjanMJononKunSanojaYksi" time="0.0010" />
  <testcase classname="WordParserTest" name="thirdWordPalauttaaTyhjanMJononKunSanojaKaksi" time="0.0010" />
  <testcase classname="WordParserTest" name="thirdWordPalauttaaKolmannenSananKunSanojaKolme" time="0.0010" />
  <testcase classname="WordParserTest" name="thirdWordPalauttaaKolmannenSananKunSanojaUseampia" time="0.0010" />
  <testcase classname="WordParserTest" name="unwrapParenthesizedWordPalauttaaTyhjanMJononKunTyhjaLista" time="0.0010" />
  <testcase classname="WordParserTest" name="unwrapParenthesizedWordToimii" time="0.0" />
  <testcase classname="WordParserTest" name="isParenthesizedWordPalauttaaFalseKunEiSulkeitaOllenkaan" time="0.0010" />
  <testcase classname="WordParserTest" name="isParenthesizedWordPalauttaaFalseKunEiOleYhdenSananSulkeistettu" time="0.0" />
  <testcase classname="WordParserTest" name="isParenthesizedWordPalauttaaFalseKunOnSyntaktisestiEpäkorrekti" time="0.0010" />
  <testcase classname="WordParserTest" name="isParenthesizedWordPalauttaaTrueKunOn" time="0.0010" />
  <testcase classname="WordParserTest" name="withoutQuotePalauttaaAlkuperaisenMJononKunSyoteEiQuote" time="0.0010" />
  <testcase classname="WordParserTest" name="withoutQuotePoistaaQuotenKunSyoteOnQuote" time="0.0010" />
  <testcase classname="WordParserTest" name="isAtomicWordPalauttaaFalseKunEiOle" time="0.0010" />
  <testcase classname="WordParserTest" name="isAtomicWordPalauttaaTrueKunOn" time="0.0" />
  <system-out><![CDATA[]]></system-out>
  <system-err><![CDATA[]]></system-err>
</testsuite>
